\BOOKMARK [1][-]{section.1}{\376\377\000\111\000\156\000\164\000\162\000\157\000\144\000\165\000\143\000\164\000\151\000\157\000\156}{}% 1
\BOOKMARK [1][-]{section.2}{\376\377\000\114\000\151\000\164\000\145\000\162\000\141\000\164\000\165\000\162\000\145\000\040\000\122\000\145\000\166\000\151\000\145\000\167}{}% 2
\BOOKMARK [2][-]{subsection.2.1}{\376\377\000\101\000\146\000\146\000\145\000\143\000\164\000\145\000\144\000\040\000\123\000\150\000\157\000\162\000\164\000\145\000\163\000\164\000\040\000\120\000\141\000\164\000\150\000\040\000\104\000\145\000\164\000\145\000\143\000\164\000\151\000\157\000\156}{section.2}% 3
\BOOKMARK [2][-]{subsection.2.2}{\376\377\000\103\000\141\000\143\000\150\000\151\000\156\000\147\000\040\000\120\000\162\000\157\000\142\000\154\000\145\000\155}{section.2}% 4
\BOOKMARK [1][-]{section.3}{\376\377\000\120\000\162\000\157\000\142\000\154\000\145\000\155\000\040\000\104\000\145\000\163\000\143\000\162\000\151\000\160\000\164\000\151\000\157\000\156\000\040\000\141\000\156\000\144\000\040\000\103\000\141\000\143\000\150\000\145\000\040\000\123\000\164\000\162\000\165\000\143\000\164\000\165\000\162\000\145}{}% 5
\BOOKMARK [2][-]{subsection.3.1}{\376\377\000\116\000\157\000\164\000\141\000\164\000\151\000\157\000\156\000\040\000\141\000\156\000\144\000\040\000\120\000\162\000\157\000\142\000\154\000\145\000\155\000\040\000\104\000\145\000\163\000\143\000\162\000\151\000\160\000\164\000\151\000\157\000\156}{section.3}% 6
\BOOKMARK [2][-]{subsection.3.2}{\376\377\000\103\000\141\000\143\000\150\000\145\000\040\000\123\000\164\000\162\000\165\000\143\000\164\000\165\000\162\000\145}{section.3}% 7
\BOOKMARK [1][-]{section.4}{\376\377\000\101\000\146\000\146\000\145\000\143\000\164\000\145\000\144\000\040\000\123\000\150\000\157\000\162\000\164\000\145\000\163\000\164\000\040\000\120\000\141\000\164\000\150\000\040\000\104\000\145\000\164\000\145\000\143\000\164\000\151\000\157\000\156}{}% 8
\BOOKMARK [2][-]{subsection.4.1}{\376\377\000\116\000\157\000\144\000\145\000\040\000\105\000\170\000\160\000\141\000\156\000\163\000\151\000\157\000\156\000\040\000\101\000\154\000\147\000\157\000\162\000\151\000\164\000\150\000\155}{section.4}% 9
\BOOKMARK [2][-]{subsection.4.2}{\376\377\000\117\000\165\000\164\000\167\000\141\000\162\000\144\000\040\000\116\000\157\000\144\000\145\000\040\000\105\000\170\000\160\000\141\000\156\000\163\000\151\000\157\000\156\000\040\000\101\000\154\000\147\000\157\000\162\000\151\000\164\000\150\000\155}{section.4}% 10
\BOOKMARK [2][-]{subsection.4.3}{\376\377\000\111\000\156\000\167\000\141\000\162\000\144\000\040\000\116\000\157\000\144\000\145\000\040\000\105\000\170\000\160\000\141\000\156\000\163\000\151\000\157\000\156\000\040\000\101\000\154\000\147\000\157\000\162\000\151\000\164\000\150\000\155}{section.4}% 11
\BOOKMARK [1][-]{section.5}{\376\377\000\122\000\145\000\146\000\162\000\145\000\163\000\150\000\155\000\145\000\156\000\164\000\040\000\123\000\164\000\162\000\141\000\164\000\145\000\147\000\151\000\145\000\163}{}% 12
\BOOKMARK [2][-]{subsection.5.1}{\376\377\000\122\000\145\000\154\000\157\000\141\000\144\000\040\000\127\000\150\000\157\000\154\000\145\000\040\000\103\000\141\000\143\000\150\000\145}{section.5}% 13
\BOOKMARK [2][-]{subsection.5.2}{\376\377\000\125\000\160\000\144\000\141\000\164\000\145\000\040\000\101\000\146\000\146\000\145\000\143\000\164\000\145\000\144\000\040\000\123\000\150\000\157\000\162\000\164\000\145\000\163\000\164\000\040\000\120\000\141\000\164\000\150\000\163}{section.5}% 14
\BOOKMARK [2][-]{subsection.5.3}{\376\377\000\122\000\145\000\160\000\154\000\141\000\143\000\145\000\040\000\101\000\146\000\146\000\145\000\143\000\164\000\145\000\144\000\040\000\120\000\141\000\164\000\150\000\163\000\040\000\167\000\151\000\164\000\150\000\040\000\110\000\151\000\147\000\150\000\145\000\163\000\164\000\040\000\106\000\162\000\145\000\161\000\165\000\145\000\156\000\143\000\171\000\040\000\120\000\141\000\164\000\150\000\163}{section.5}% 15
\BOOKMARK [2][-]{subsection.5.4}{\376\377\000\122\000\145\000\160\000\154\000\141\000\143\000\145\000\040\000\101\000\146\000\146\000\145\000\143\000\164\000\145\000\144\000\040\000\120\000\141\000\164\000\150\000\163\000\040\000\125\000\163\000\151\000\156\000\147\000\040\000\122\000\157\000\165\000\154\000\145\000\164\000\164\000\145\000\040\000\127\000\150\000\145\000\145\000\154\000\040\000\123\000\145\000\154\000\145\000\143\000\164\000\151\000\157\000\156}{section.5}% 16
\BOOKMARK [1][-]{section.6}{\376\377\000\105\000\170\000\160\000\145\000\162\000\151\000\155\000\145\000\156\000\164\000\163\000\040}{}% 17
\BOOKMARK [2][-]{subsection.6.1}{\376\377\000\105\000\146\000\146\000\145\000\143\000\164\000\040\000\157\000\146\000\040\000\103\000\141\000\143\000\150\000\145\000\040\000\123\000\164\000\162\000\165\000\143\000\164\000\165\000\162\000\145}{section.6}% 18
\BOOKMARK [2][-]{subsection.6.2}{\376\377\000\105\000\146\000\146\000\151\000\143\000\151\000\145\000\156\000\143\000\171\000\040\000\157\000\146\000\040\000\104\000\145\000\164\000\145\000\143\000\164\000\151\000\156\000\147\000\040\000\101\000\146\000\146\000\145\000\143\000\164\000\145\000\144\000\040\000\120\000\141\000\164\000\150\000\163\000\040\000\151\000\156\000\040\000\164\000\150\000\145\000\040\000\103\000\141\000\143\000\150\000\145}{section.6}% 19
\BOOKMARK [2][-]{subsection.6.3}{\376\377\000\120\000\145\000\162\000\146\000\157\000\162\000\155\000\141\000\156\000\143\000\145\000\040\000\157\000\146\000\040\000\122\000\145\000\146\000\162\000\145\000\163\000\150\000\155\000\145\000\156\000\164\000\040\000\123\000\164\000\162\000\141\000\164\000\145\000\147\000\151\000\145\000\163}{section.6}% 20
\BOOKMARK [1][-]{section.7}{\376\377\000\103\000\157\000\156\000\143\000\154\000\165\000\163\000\151\000\157\000\156\000\163}{}% 21
